Copyright 1986-2017 Xilinx, Inc. All Rights Reserved.
--------------------------------------------------------------------------------------------
| Tool Version : Vivado v.2017.3 (win64) Build 2018833 Wed Oct  4 19:58:22 MDT 2017
| Date         : Wed Oct 25 01:45:23 2017
| Host         : egk-pc running 64-bit major release  (build 9200)
| Command      : report_control_sets -file DemoInterconnect_wrapper_control_sets_placed.rpt
| Design       : DemoInterconnect_wrapper
| Device       : xc7a15t
--------------------------------------------------------------------------------------------

Control Set Information

Table of Contents
-----------------
1. Summary
2. Flip-Flop Distribution

1. Summary
----------

+-------------------------------+-------+
|             Status            | Count |
+-------------------------------+-------+
| Number of unique control sets |   196 |
+-------------------------------+-------+


2. Flip-Flop Distribution
-------------------------

+--------------+-----------------------+------------------------+-----------------+--------------+
| Clock Enable | Synchronous Set/Reset | Asynchronous Set/Reset | Total Registers | Total Slices |
+--------------+-----------------------+------------------------+-----------------+--------------+
| No           | No                    | No                     |             804 |          245 |
| No           | No                    | Yes                    |             169 |           50 |
| No           | Yes                   | No                     |             459 |          150 |
| Yes          | No                    | No                     |            1312 |          346 |
| Yes          | No                    | Yes                    |              82 |           16 |
| Yes          | Yes                   | No                     |            1252 |          299 |
+--------------+-----------------------+------------------------+-----------------+--------------+


